{
  "stats": {
    "suites": 1,
    "tests": 1,
    "passes": 1,
    "pending": 0,
    "failures": 0,
    "start": "2022-06-30T08:54:20.920Z",
    "end": "2022-06-30T08:54:23.452Z",
    "duration": 2532,
    "testsRegistered": 1,
    "passPercent": 100,
    "pendingPercent": 0,
    "other": 0,
    "hasOther": false,
    "skipped": 0,
    "hasSkipped": false
  },
  "results": [
    {
      "uuid": "8a16839f-7ea9-43cf-9e0d-397e3cc93056",
      "title": "",
      "fullFile": "cypress\\integration\\examples\\Test9.js",
      "file": "cypress\\integration\\examples\\Test9.js",
      "beforeHooks": [],
      "afterHooks": [],
      "tests": [],
      "suites": [
        {
          "uuid": "989f2b31-0a93-4276-bf97-4d9a77d31dc1",
          "title": "Ninth Test by Zarana",
          "fullFile": "",
          "file": "",
          "beforeHooks": [],
          "afterHooks": [],
          "tests": [
            {
              "title": "Mock HTTP Requests",
              "fullTitle": "Ninth Test by Zarana Mock HTTP Requests",
              "timedOut": null,
              "duration": 520,
              "state": "passed",
              "speed": "fast",
              "pass": true,
              "fail": false,
              "pending": false,
              "context": null,
              "code": "cy.visit(\"https://rahulshettyacademy.com/angularAppdemo/\");\ncy.intercept(\"GET\", \"https://rahulshettyacademy.com/Library/GetBook.php?AuthorName=shetty\", function (req) {\n  req.url = \"https://rahulshettyacademy.com/Library/GetBook.php?AuthorName=malhotra\";\n  req[\"continue\"](function (res) {//expect(res.statusCode).to.equal(403)\n  });\n}).as(\"newUrl\");\ncy.get(\"button[class='btn btn-primary']\").click();\ncy.wait(\"@newUrl\");",
              "err": {},
              "uuid": "f78d6e36-34a2-4257-9906-f35d07c79e1d",
              "parentUUID": "989f2b31-0a93-4276-bf97-4d9a77d31dc1",
              "isHook": false,
              "skipped": false
            }
          ],
          "suites": [],
          "passes": [
            "f78d6e36-34a2-4257-9906-f35d07c79e1d"
          ],
          "failures": [],
          "pending": [],
          "skipped": [],
          "duration": 520,
          "root": false,
          "rootEmpty": false,
          "_timeout": 2000
        }
      ],
      "passes": [],
      "failures": [],
      "pending": [],
      "skipped": [],
      "duration": 0,
      "root": true,
      "rootEmpty": true,
      "_timeout": 2000
    }
  ],
  "meta": {
    "mocha": {
      "version": "7.0.1"
    },
    "mochawesome": {
      "options": {
        "quiet": false,
        "reportFilename": "mochawesome",
        "saveHtml": true,
        "saveJson": true,
        "consoleReporter": "spec",
        "useInlineDiffs": false
      },
      "version": "4.1.0"
    },
    "marge": {
      "options": null,
      "version": "4.1.0"
    }
  }
}